<?xml version="1.0" encoding="UTF-8"?>
<testsuites name="AfterSell" time="112.437" tests="4" failures="1" skips="0" errors="0">
   <testsuite name="AfterSell" tests="4" failures="1" errors="0" time="112.437" skips="0" timestamp="2020-12-28 14:17:24" hostname="User - foysal-LPTP" id="Test Suites/AfterSell">
      <properties>
         <property name="deviceName" value=""/>
         <property name="devicePlatform" value=""/>
         <property name="logFolder" value="D:\\Katalon Studio\\PrismWebStory\\Reports\\20201228_141716\\AfterSell\\20201228_141716"/>
         <property name="logFiles" value="D:\\Katalon Studio\\PrismWebStory\\Reports\\20201228_141716\\AfterSell\\20201228_141716\\execution0.log"/>
         <property name="attachments" value=""/>
         <property name="hostName" value="User - foysal-LPTP"/>
         <property name="os" value="Windows 10 64bit"/>
         <property name="katalonVersion" value="7.8.0.208"/>
         <property name="browser" value="Chrome 87.0.4280.88"/>
         <property name="hostAddress" value="192.168.0.143"/>
         <property name="sessionId" value="3eed0d85801619dc08368a266d3201c6"/>
         <property name="seleniumVersion" value="3.141.59"/>
         <property name="proxyInformation" value="ProxyInformation { proxyOption=NO_PROXY, proxyServerType=HTTP, username=, password=********, proxyServerAddress=, proxyServerPort=0, executionList=&quot;&quot;, isApplyToDesiredCapabilities=true }"/>
         <property name="platform" value="Windows 10"/>
      </properties>
      <testcase name="Test Cases/Login" time="62.974" classname="Test Cases/Login" status="FAILED">
         <failure type="FAILED" message="Test Cases/Login FAILED.
Reason:
com.kms.katalon.core.exception.StepFailedException: Unable to open browser with url: ''
	at com.kms.katalon.core.webui.keyword.internal.WebUIKeywordMain.stepFailed(WebUIKeywordMain.groovy:64)
	at com.kms.katalon.core.webui.keyword.internal.WebUIKeywordMain.runKeyword(WebUIKeywordMain.groovy:26)
	at com.kms.katalon.core.webui.keyword.builtin.OpenBrowserKeyword.openBrowser(OpenBrowserKeyword.groovy:81)
	at com.kms.katalon.core.webui.keyword.builtin.OpenBrowserKeyword.execute(OpenBrowserKeyword.groovy:67)
	at com.kms.katalon.core.keyword.internal.KeywordExecutor.executeKeywordForPlatform(KeywordExecutor.groovy:73)
	at com.kms.katalon.core.webui.keyword.WebUiBuiltInKeywords.openBrowser(WebUiBuiltInKeywords.groovy:61)
	at com.kms.katalon.core.webui.keyword.WebUiBuiltInKeywords$openBrowser.call(Unknown Source)
	at com.application.Auth.loginIntoApplication(Auth.groovy:27)
	at com.application.Auth.invokeMethod(Auth.groovy)
	at com.kms.katalon.core.main.CustomKeywordDelegatingMetaClass.invokeStaticMethod(CustomKeywordDelegatingMetaClass.java:50)
	at Login.run(Login:19)
	at com.kms.katalon.core.main.ScriptEngine.run(ScriptEngine.java:194)
	at com.kms.katalon.core.main.ScriptEngine.runScriptAsRawText(ScriptEngine.java:119)
	at com.kms.katalon.core.main.TestCaseExecutor.runScript(TestCaseExecutor.java:393)
	at com.kms.katalon.core.main.TestCaseExecutor.doExecute(TestCaseExecutor.java:384)
	at com.kms.katalon.core.main.TestCaseExecutor.processExecutionPhase(TestCaseExecutor.java:363)
	at com.kms.katalon.core.main.TestCaseExecutor.accessMainPhase(TestCaseExecutor.java:355)
	at com.kms.katalon.core.main.TestCaseExecutor.execute(TestCaseExecutor.java:251)
	at com.kms.katalon.core.main.TestSuiteExecutor.accessTestCaseMainPhase(TestSuiteExecutor.java:203)
	at com.kms.katalon.core.main.TestSuiteExecutor.accessTestSuiteMainPhase(TestSuiteExecutor.java:152)
	at com.kms.katalon.core.main.TestSuiteExecutor.execute(TestSuiteExecutor.java:95)
	at com.kms.katalon.core.main.TestCaseMain.startTestSuite(TestCaseMain.java:157)
	at com.kms.katalon.core.main.TestCaseMain$startTestSuite$0.call(Unknown Source)
	at TempTestSuite1609143436367.run(TempTestSuite1609143436367.groovy:39)
Caused by: org.openqa.selenium.WebDriverException: chrome not reachable
Build info: version: '3.141.59', revision: 'e82be7d358', time: '2018-11-14T08:25:53'
System info: host: 'FOYSAL-LPTP', ip: '192.168.0.143', os.name: 'Windows 10', os.arch: 'amd64', os.version: '10.0', java.version: '1.8.0_181'
Driver info: driver.version: CChromeDriver
remote stacktrace: Backtrace:
	Ordinal0 [0x00D9C0C3+3326147]
	Ordinal0 [0x00C80851+2164817]
	Ordinal0 [0x00B07140+618816]
	Ordinal0 [0x00AFD334+578356]
	Ordinal0 [0x00A81877+71799]
	Ordinal0 [0x00A7E119+57625]
	Ordinal0 [0x00A7C38A+50058]
	Ordinal0 [0x00AA5F3E+220990]
	Ordinal0 [0x00AA5CAC+220332]
	Ordinal0 [0x00AA189B+202907]
	Ordinal0 [0x00A83DF4+81396]
	Ordinal0 [0x00A84DEE+85486]
	Ordinal0 [0x00A84D79+85369]
	Ordinal0 [0x00C985DC+2262492]
	GetHandleVerifier [0x00F22874+1487204]
	GetHandleVerifier [0x00F223CD+1486013]
	GetHandleVerifier [0x00F2A368+1518680]
	GetHandleVerifier [0x00F22F4E+1488958]
	Ordinal0 [0x00C8ED0D+2223373]
	Ordinal0 [0x00C9A12B+2269483]
	Ordinal0 [0x00C9A26F+2269807]
	Ordinal0 [0x00CAECB8+2354360]
	BaseThreadInitThunk [0x77906359+25]
	RtlGetAppContainerNamedObjectPath [0x77A58944+228]
	RtlGetAppContainerNamedObjectPath [0x77A58914+180]

	at org.openqa.selenium.remote.W3CHandshakeResponse.lambda$errorHandler$0(W3CHandshakeResponse.java:62)
	at org.openqa.selenium.remote.HandshakeResponse.lambda$getResponseFunction$0(HandshakeResponse.java:30)
	at org.openqa.selenium.remote.ProtocolHandshake.lambda$createSession$0(ProtocolHandshake.java:126)
	at org.openqa.selenium.remote.ProtocolHandshake.createSession(ProtocolHandshake.java:128)
	at org.openqa.selenium.remote.ProtocolHandshake.createSession(ProtocolHandshake.java:74)
	at org.openqa.selenium.remote.HttpCommandExecutor.execute(HttpCommandExecutor.java:136)
	at org.openqa.selenium.remote.service.DriverCommandExecutor.execute(DriverCommandExecutor.java:83)
	at org.openqa.selenium.remote.RemoteWebDriver.execute(RemoteWebDriver.java:552)
	at com.kms.katalon.selenium.driver.CChromeDriver.execute(CChromeDriver.java:19)
	at org.openqa.selenium.remote.RemoteWebDriver.startSession(RemoteWebDriver.java:213)
	at org.openqa.selenium.remote.RemoteWebDriver.&lt;init>(RemoteWebDriver.java:131)
	at org.openqa.selenium.chrome.ChromeDriver.&lt;init>(ChromeDriver.java:181)
	at org.openqa.selenium.chrome.ChromeDriver.&lt;init>(ChromeDriver.java:147)
	at com.kms.katalon.selenium.driver.CChromeDriver.&lt;init>(CChromeDriver.java:13)
	at com.kms.katalon.core.webui.driver.DriverFactory.createNewChromeDriver(DriverFactory.java:400)
	at com.kms.katalon.core.webui.driver.DriverFactory.startNewBrowser(DriverFactory.java:358)
	at com.kms.katalon.core.webui.driver.DriverFactory.openWebDriver(DriverFactory.java:245)
	at com.kms.katalon.core.webui.keyword.builtin.OpenBrowserKeyword$_openBrowser_closure1.doCall(OpenBrowserKeyword.groovy:74)
	at com.kms.katalon.core.webui.keyword.builtin.OpenBrowserKeyword$_openBrowser_closure1.call(OpenBrowserKeyword.groovy)
	at com.kms.katalon.core.webui.keyword.internal.WebUIKeywordMain.runKeyword(WebUIKeywordMain.groovy:20)
	... 22 more
"/>
         <system-out><![CDATA[2020-12-28 14:17:25 - [TEST_CASE][FAILED] - Test Cases/Login: Test Cases/Login FAILED.
Reason:
com.kms.katalon.core.exception.StepFailedException: Unable to open browser with url: ''
	at com.kms.katalon.core.webui.keyword.internal.WebUIKeywordMain.stepFailed(WebUIKeywordMain.groovy:64)
	at com.kms.katalon.core.webui.keyword.internal.WebUIKeywordMain.runKeyword(WebUIKeywordMain.groovy:26)
	at com.kms.katalon.core.webui.keyword.builtin.OpenBrowserKeyword.openBrowser(OpenBrowserKeyword.groovy:81)
	at com.kms.katalon.core.webui.keyword.builtin.OpenBrowserKeyword.execute(OpenBrowserKeyword.groovy:67)
	at com.kms.katalon.core.keyword.internal.KeywordExecutor.executeKeywordForPlatform(KeywordExecutor.groovy:73)
	at com.kms.katalon.core.webui.keyword.WebUiBuiltInKeywords.openBrowser(WebUiBuiltInKeywords.groovy:61)
	at com.kms.katalon.core.webui.keyword.WebUiBuiltInKeywords$openBrowser.call(Unknown Source)
	at com.application.Auth.loginIntoApplication(Auth.groovy:27)
	at com.application.Auth.invokeMethod(Auth.groovy)
	at com.kms.katalon.core.main.CustomKeywordDelegatingMetaClass.invokeStaticMethod(CustomKeywordDelegatingMetaClass.java:50)
	at Login.run(Login:19)
	at com.kms.katalon.core.main.ScriptEngine.run(ScriptEngine.java:194)
	at com.kms.katalon.core.main.ScriptEngine.runScriptAsRawText(ScriptEngine.java:119)
	at com.kms.katalon.core.main.TestCaseExecutor.runScript(TestCaseExecutor.java:393)
	at com.kms.katalon.core.main.TestCaseExecutor.doExecute(TestCaseExecutor.java:384)
	at com.kms.katalon.core.main.TestCaseExecutor.processExecutionPhase(TestCaseExecutor.java:363)
	at com.kms.katalon.core.main.TestCaseExecutor.accessMainPhase(TestCaseExecutor.java:355)
	at com.kms.katalon.core.main.TestCaseExecutor.execute(TestCaseExecutor.java:251)
	at com.kms.katalon.core.main.TestSuiteExecutor.accessTestCaseMainPhase(TestSuiteExecutor.java:203)
	at com.kms.katalon.core.main.TestSuiteExecutor.accessTestSuiteMainPhase(TestSuiteExecutor.java:152)
	at com.kms.katalon.core.main.TestSuiteExecutor.execute(TestSuiteExecutor.java:95)
	at com.kms.katalon.core.main.TestCaseMain.startTestSuite(TestCaseMain.java:157)
	at com.kms.katalon.core.main.TestCaseMain$startTestSuite$0.call(Unknown Source)
	at TempTestSuite1609143436367.run(TempTestSuite1609143436367.groovy:39)
Caused by: org.openqa.selenium.WebDriverException: chrome not reachable
Build info: version: '3.141.59', revision: 'e82be7d358', time: '2018-11-14T08:25:53'
System info: host: 'FOYSAL-LPTP', ip: '192.168.0.143', os.name: 'Windows 10', os.arch: 'amd64', os.version: '10.0', java.version: '1.8.0_181'
Driver info: driver.version: CChromeDriver
remote stacktrace: Backtrace:
	Ordinal0 [0x00D9C0C3+3326147]
	Ordinal0 [0x00C80851+2164817]
	Ordinal0 [0x00B07140+618816]
	Ordinal0 [0x00AFD334+578356]
	Ordinal0 [0x00A81877+71799]
	Ordinal0 [0x00A7E119+57625]
	Ordinal0 [0x00A7C38A+50058]
	Ordinal0 [0x00AA5F3E+220990]
	Ordinal0 [0x00AA5CAC+220332]
	Ordinal0 [0x00AA189B+202907]
	Ordinal0 [0x00A83DF4+81396]
	Ordinal0 [0x00A84DEE+85486]
	Ordinal0 [0x00A84D79+85369]
	Ordinal0 [0x00C985DC+2262492]
	GetHandleVerifier [0x00F22874+1487204]
	GetHandleVerifier [0x00F223CD+1486013]
	GetHandleVerifier [0x00F2A368+1518680]
	GetHandleVerifier [0x00F22F4E+1488958]
	Ordinal0 [0x00C8ED0D+2223373]
	Ordinal0 [0x00C9A12B+2269483]
	Ordinal0 [0x00C9A26F+2269807]
	Ordinal0 [0x00CAECB8+2354360]
	BaseThreadInitThunk [0x77906359+25]
	RtlGetAppContainerNamedObjectPath [0x77A58944+228]
	RtlGetAppContainerNamedObjectPath [0x77A58914+180]

	at org.openqa.selenium.remote.W3CHandshakeResponse.lambda$errorHandler$0(W3CHandshakeResponse.java:62)
	at org.openqa.selenium.remote.HandshakeResponse.lambda$getResponseFunction$0(HandshakeResponse.java:30)
	at org.openqa.selenium.remote.ProtocolHandshake.lambda$createSession$0(ProtocolHandshake.java:126)
	at org.openqa.selenium.remote.ProtocolHandshake.createSession(ProtocolHandshake.java:128)
	at org.openqa.selenium.remote.ProtocolHandshake.createSession(ProtocolHandshake.java:74)
	at org.openqa.selenium.remote.HttpCommandExecutor.execute(HttpCommandExecutor.java:136)
	at org.openqa.selenium.remote.service.DriverCommandExecutor.execute(DriverCommandExecutor.java:83)
	at org.openqa.selenium.remote.RemoteWebDriver.execute(RemoteWebDriver.java:552)
	at com.kms.katalon.selenium.driver.CChromeDriver.execute(CChromeDriver.java:19)
	at org.openqa.selenium.remote.RemoteWebDriver.startSession(RemoteWebDriver.java:213)
	at org.openqa.selenium.remote.RemoteWebDriver.<init>(RemoteWebDriver.java:131)
	at org.openqa.selenium.chrome.ChromeDriver.<init>(ChromeDriver.java:181)
	at org.openqa.selenium.chrome.ChromeDriver.<init>(ChromeDriver.java:147)
	at com.kms.katalon.selenium.driver.CChromeDriver.<init>(CChromeDriver.java:13)
	at com.kms.katalon.core.webui.driver.DriverFactory.createNewChromeDriver(DriverFactory.java:400)
	at com.kms.katalon.core.webui.driver.DriverFactory.startNewBrowser(DriverFactory.java:358)
	at com.kms.katalon.core.webui.driver.DriverFactory.openWebDriver(DriverFactory.java:245)
	at com.kms.katalon.core.webui.keyword.builtin.OpenBrowserKeyword$_openBrowser_closure1.doCall(OpenBrowserKeyword.groovy:74)
	at com.kms.katalon.core.webui.keyword.builtin.OpenBrowserKeyword$_openBrowser_closure1.call(OpenBrowserKeyword.groovy)
	at com.kms.katalon.core.webui.keyword.internal.WebUIKeywordMain.runKeyword(WebUIKeywordMain.groovy:20)
	... 22 more


2020-12-28 14:17:25 - [TEST_STEP][FAILED] - com.application.Auth.loginIntoApplication(): Unable to open browser with url: ''

2020-12-28 14:17:25 - [MESSAGE][INFO] - Starting 'Chrome' driver

2020-12-28 14:17:25 - [MESSAGE][INFO] - Action delay is set to 0 milliseconds

2020-12-28 14:18:28 - [MESSAGE][FAILED] - Unable to open browser with url: '' (Root cause: com.kms.katalon.core.exception.StepFailedException: Unable to open browser with url: ''
	at com.kms.katalon.core.webui.keyword.internal.WebUIKeywordMain.stepFailed(WebUIKeywordMain.groovy:64)
	at com.kms.katalon.core.webui.keyword.internal.WebUIKeywordMain.runKeyword(WebUIKeywordMain.groovy:26)
	at com.kms.katalon.core.webui.keyword.builtin.OpenBrowserKeyword.openBrowser(OpenBrowserKeyword.groovy:81)
	at com.kms.katalon.core.webui.keyword.builtin.OpenBrowserKeyword.execute(OpenBrowserKeyword.groovy:67)
	at com.kms.katalon.core.keyword.internal.KeywordExecutor.executeKeywordForPlatform(KeywordExecutor.groovy:73)
	at com.kms.katalon.core.webui.keyword.WebUiBuiltInKeywords.openBrowser(WebUiBuiltInKeywords.groovy:61)
	at com.kms.katalon.core.webui.keyword.WebUiBuiltInKeywords$openBrowser.call(Unknown Source)
	at com.application.Auth.loginIntoApplication(Auth.groovy:27)
	at com.application.Auth.invokeMethod(Auth.groovy)
	at com.kms.katalon.core.main.CustomKeywordDelegatingMetaClass.invokeStaticMethod(CustomKeywordDelegatingMetaClass.java:50)
	at Login.run(Login:19)
	at com.kms.katalon.core.main.ScriptEngine.run(ScriptEngine.java:194)
	at com.kms.katalon.core.main.ScriptEngine.runScriptAsRawText(ScriptEngine.java:119)
	at com.kms.katalon.core.main.TestCaseExecutor.runScript(TestCaseExecutor.java:393)
	at com.kms.katalon.core.main.TestCaseExecutor.doExecute(TestCaseExecutor.java:384)
	at com.kms.katalon.core.main.TestCaseExecutor.processExecutionPhase(TestCaseExecutor.java:363)
	at com.kms.katalon.core.main.TestCaseExecutor.accessMainPhase(TestCaseExecutor.java:355)
	at com.kms.katalon.core.main.TestCaseExecutor.execute(TestCaseExecutor.java:251)
	at com.kms.katalon.core.main.TestSuiteExecutor.accessTestCaseMainPhase(TestSuiteExecutor.java:203)
	at com.kms.katalon.core.main.TestSuiteExecutor.accessTestSuiteMainPhase(TestSuiteExecutor.java:152)
	at com.kms.katalon.core.main.TestSuiteExecutor.execute(TestSuiteExecutor.java:95)
	at com.kms.katalon.core.main.TestCaseMain.startTestSuite(TestCaseMain.java:157)
	at com.kms.katalon.core.main.TestCaseMain$startTestSuite$0.call(Unknown Source)
	at TempTestSuite1609143436367.run(TempTestSuite1609143436367.groovy:39)
Caused by: org.openqa.selenium.WebDriverException: chrome not reachable
Build info: version: '3.141.59', revision: 'e82be7d358', time: '2018-11-14T08:25:53'
System info: host: 'FOYSAL-LPTP', ip: '192.168.0.143', os.name: 'Windows 10', os.arch: 'amd64', os.version: '10.0', java.version: '1.8.0_181'
Driver info: driver.version: CChromeDriver
remote stacktrace: Backtrace:
	Ordinal0 [0x00D9C0C3+3326147]
	Ordinal0 [0x00C80851+2164817]
	Ordinal0 [0x00B07140+618816]
	Ordinal0 [0x00AFD334+578356]
	Ordinal0 [0x00A81877+71799]
	Ordinal0 [0x00A7E119+57625]
	Ordinal0 [0x00A7C38A+50058]
	Ordinal0 [0x00AA5F3E+220990]
	Ordinal0 [0x00AA5CAC+220332]
	Ordinal0 [0x00AA189B+202907]
	Ordinal0 [0x00A83DF4+81396]
	Ordinal0 [0x00A84DEE+85486]
	Ordinal0 [0x00A84D79+85369]
	Ordinal0 [0x00C985DC+2262492]
	GetHandleVerifier [0x00F22874+1487204]
	GetHandleVerifier [0x00F223CD+1486013]
	GetHandleVerifier [0x00F2A368+1518680]
	GetHandleVerifier [0x00F22F4E+1488958]
	Ordinal0 [0x00C8ED0D+2223373]
	Ordinal0 [0x00C9A12B+2269483]
	Ordinal0 [0x00C9A26F+2269807]
	Ordinal0 [0x00CAECB8+2354360]
	BaseThreadInitThunk [0x77906359+25]
	RtlGetAppContainerNamedObjectPath [0x77A58944+228]
	RtlGetAppContainerNamedObjectPath [0x77A58914+180]

	at org.openqa.selenium.remote.W3CHandshakeResponse.lambda$errorHandler$0(W3CHandshakeResponse.java:62)
	at org.openqa.selenium.remote.HandshakeResponse.lambda$getResponseFunction$0(HandshakeResponse.java:30)
	at org.openqa.selenium.remote.ProtocolHandshake.lambda$createSession$0(ProtocolHandshake.java:126)
	at org.openqa.selenium.remote.ProtocolHandshake.createSession(ProtocolHandshake.java:128)
	at org.openqa.selenium.remote.ProtocolHandshake.createSession(ProtocolHandshake.java:74)
	at org.openqa.selenium.remote.HttpCommandExecutor.execute(HttpCommandExecutor.java:136)
	at org.openqa.selenium.remote.service.DriverCommandExecutor.execute(DriverCommandExecutor.java:83)
	at org.openqa.selenium.remote.RemoteWebDriver.execute(RemoteWebDriver.java:552)
	at com.kms.katalon.selenium.driver.CChromeDriver.execute(CChromeDriver.java:19)
	at org.openqa.selenium.remote.RemoteWebDriver.startSession(RemoteWebDriver.java:213)
	at org.openqa.selenium.remote.RemoteWebDriver.<init>(RemoteWebDriver.java:131)
	at org.openqa.selenium.chrome.ChromeDriver.<init>(ChromeDriver.java:181)
	at org.openqa.selenium.chrome.ChromeDriver.<init>(ChromeDriver.java:147)
	at com.kms.katalon.selenium.driver.CChromeDriver.<init>(CChromeDriver.java:13)
	at com.kms.katalon.core.webui.driver.DriverFactory.createNewChromeDriver(DriverFactory.java:400)
	at com.kms.katalon.core.webui.driver.DriverFactory.startNewBrowser(DriverFactory.java:358)
	at com.kms.katalon.core.webui.driver.DriverFactory.openWebDriver(DriverFactory.java:245)
	at com.kms.katalon.core.webui.keyword.builtin.OpenBrowserKeyword$_openBrowser_closure1.doCall(OpenBrowserKeyword.groovy:74)
	at com.kms.katalon.core.webui.keyword.builtin.OpenBrowserKeyword$_openBrowser_closure1.call(OpenBrowserKeyword.groovy)
	at com.kms.katalon.core.webui.keyword.internal.WebUIKeywordMain.runKeyword(WebUIKeywordMain.groovy:20)
	at com.kms.katalon.core.webui.keyword.builtin.OpenBrowserKeyword.openBrowser(OpenBrowserKeyword.groovy:81)
	at com.kms.katalon.core.webui.keyword.builtin.OpenBrowserKeyword.execute(OpenBrowserKeyword.groovy:67)
	at com.kms.katalon.core.keyword.internal.KeywordExecutor.executeKeywordForPlatform(KeywordExecutor.groovy:73)
	at com.kms.katalon.core.webui.keyword.WebUiBuiltInKeywords.openBrowser(WebUiBuiltInKeywords.groovy:61)
	at com.kms.katalon.core.webui.keyword.WebUiBuiltInKeywords$openBrowser.call(Unknown Source)
	at com.application.Auth.loginIntoApplication(Auth.groovy:27)
	at com.application.Auth.invokeMethod(Auth.groovy)
	at com.kms.katalon.core.main.CustomKeywordDelegatingMetaClass.invokeStaticMethod(CustomKeywordDelegatingMetaClass.java:50)
	at Script1609062006033.run(Script1609062006033.groovy:19)
	... 13 more
)

2020-12-28 14:18:28 - [MESSAGE][FAILED] - Unable to open browser with url: '']]></system-out>
         <system-err><![CDATA[2020-12-28 14:17:25 - [TEST_CASE][FAILED] - Test Cases/Login: Test Cases/Login FAILED.
Reason:
com.kms.katalon.core.exception.StepFailedException: Unable to open browser with url: ''
	at com.kms.katalon.core.webui.keyword.internal.WebUIKeywordMain.stepFailed(WebUIKeywordMain.groovy:64)
	at com.kms.katalon.core.webui.keyword.internal.WebUIKeywordMain.runKeyword(WebUIKeywordMain.groovy:26)
	at com.kms.katalon.core.webui.keyword.builtin.OpenBrowserKeyword.openBrowser(OpenBrowserKeyword.groovy:81)
	at com.kms.katalon.core.webui.keyword.builtin.OpenBrowserKeyword.execute(OpenBrowserKeyword.groovy:67)
	at com.kms.katalon.core.keyword.internal.KeywordExecutor.executeKeywordForPlatform(KeywordExecutor.groovy:73)
	at com.kms.katalon.core.webui.keyword.WebUiBuiltInKeywords.openBrowser(WebUiBuiltInKeywords.groovy:61)
	at com.kms.katalon.core.webui.keyword.WebUiBuiltInKeywords$openBrowser.call(Unknown Source)
	at com.application.Auth.loginIntoApplication(Auth.groovy:27)
	at com.application.Auth.invokeMethod(Auth.groovy)
	at com.kms.katalon.core.main.CustomKeywordDelegatingMetaClass.invokeStaticMethod(CustomKeywordDelegatingMetaClass.java:50)
	at Login.run(Login:19)
	at com.kms.katalon.core.main.ScriptEngine.run(ScriptEngine.java:194)
	at com.kms.katalon.core.main.ScriptEngine.runScriptAsRawText(ScriptEngine.java:119)
	at com.kms.katalon.core.main.TestCaseExecutor.runScript(TestCaseExecutor.java:393)
	at com.kms.katalon.core.main.TestCaseExecutor.doExecute(TestCaseExecutor.java:384)
	at com.kms.katalon.core.main.TestCaseExecutor.processExecutionPhase(TestCaseExecutor.java:363)
	at com.kms.katalon.core.main.TestCaseExecutor.accessMainPhase(TestCaseExecutor.java:355)
	at com.kms.katalon.core.main.TestCaseExecutor.execute(TestCaseExecutor.java:251)
	at com.kms.katalon.core.main.TestSuiteExecutor.accessTestCaseMainPhase(TestSuiteExecutor.java:203)
	at com.kms.katalon.core.main.TestSuiteExecutor.accessTestSuiteMainPhase(TestSuiteExecutor.java:152)
	at com.kms.katalon.core.main.TestSuiteExecutor.execute(TestSuiteExecutor.java:95)
	at com.kms.katalon.core.main.TestCaseMain.startTestSuite(TestCaseMain.java:157)
	at com.kms.katalon.core.main.TestCaseMain$startTestSuite$0.call(Unknown Source)
	at TempTestSuite1609143436367.run(TempTestSuite1609143436367.groovy:39)
Caused by: org.openqa.selenium.WebDriverException: chrome not reachable
Build info: version: '3.141.59', revision: 'e82be7d358', time: '2018-11-14T08:25:53'
System info: host: 'FOYSAL-LPTP', ip: '192.168.0.143', os.name: 'Windows 10', os.arch: 'amd64', os.version: '10.0', java.version: '1.8.0_181'
Driver info: driver.version: CChromeDriver
remote stacktrace: Backtrace:
	Ordinal0 [0x00D9C0C3+3326147]
	Ordinal0 [0x00C80851+2164817]
	Ordinal0 [0x00B07140+618816]
	Ordinal0 [0x00AFD334+578356]
	Ordinal0 [0x00A81877+71799]
	Ordinal0 [0x00A7E119+57625]
	Ordinal0 [0x00A7C38A+50058]
	Ordinal0 [0x00AA5F3E+220990]
	Ordinal0 [0x00AA5CAC+220332]
	Ordinal0 [0x00AA189B+202907]
	Ordinal0 [0x00A83DF4+81396]
	Ordinal0 [0x00A84DEE+85486]
	Ordinal0 [0x00A84D79+85369]
	Ordinal0 [0x00C985DC+2262492]
	GetHandleVerifier [0x00F22874+1487204]
	GetHandleVerifier [0x00F223CD+1486013]
	GetHandleVerifier [0x00F2A368+1518680]
	GetHandleVerifier [0x00F22F4E+1488958]
	Ordinal0 [0x00C8ED0D+2223373]
	Ordinal0 [0x00C9A12B+2269483]
	Ordinal0 [0x00C9A26F+2269807]
	Ordinal0 [0x00CAECB8+2354360]
	BaseThreadInitThunk [0x77906359+25]
	RtlGetAppContainerNamedObjectPath [0x77A58944+228]
	RtlGetAppContainerNamedObjectPath [0x77A58914+180]

	at org.openqa.selenium.remote.W3CHandshakeResponse.lambda$errorHandler$0(W3CHandshakeResponse.java:62)
	at org.openqa.selenium.remote.HandshakeResponse.lambda$getResponseFunction$0(HandshakeResponse.java:30)
	at org.openqa.selenium.remote.ProtocolHandshake.lambda$createSession$0(ProtocolHandshake.java:126)
	at org.openqa.selenium.remote.ProtocolHandshake.createSession(ProtocolHandshake.java:128)
	at org.openqa.selenium.remote.ProtocolHandshake.createSession(ProtocolHandshake.java:74)
	at org.openqa.selenium.remote.HttpCommandExecutor.execute(HttpCommandExecutor.java:136)
	at org.openqa.selenium.remote.service.DriverCommandExecutor.execute(DriverCommandExecutor.java:83)
	at org.openqa.selenium.remote.RemoteWebDriver.execute(RemoteWebDriver.java:552)
	at com.kms.katalon.selenium.driver.CChromeDriver.execute(CChromeDriver.java:19)
	at org.openqa.selenium.remote.RemoteWebDriver.startSession(RemoteWebDriver.java:213)
	at org.openqa.selenium.remote.RemoteWebDriver.<init>(RemoteWebDriver.java:131)
	at org.openqa.selenium.chrome.ChromeDriver.<init>(ChromeDriver.java:181)
	at org.openqa.selenium.chrome.ChromeDriver.<init>(ChromeDriver.java:147)
	at com.kms.katalon.selenium.driver.CChromeDriver.<init>(CChromeDriver.java:13)
	at com.kms.katalon.core.webui.driver.DriverFactory.createNewChromeDriver(DriverFactory.java:400)
	at com.kms.katalon.core.webui.driver.DriverFactory.startNewBrowser(DriverFactory.java:358)
	at com.kms.katalon.core.webui.driver.DriverFactory.openWebDriver(DriverFactory.java:245)
	at com.kms.katalon.core.webui.keyword.builtin.OpenBrowserKeyword$_openBrowser_closure1.doCall(OpenBrowserKeyword.groovy:74)
	at com.kms.katalon.core.webui.keyword.builtin.OpenBrowserKeyword$_openBrowser_closure1.call(OpenBrowserKeyword.groovy)
	at com.kms.katalon.core.webui.keyword.internal.WebUIKeywordMain.runKeyword(WebUIKeywordMain.groovy:20)
	... 22 more]]></system-err>
      </testcase>
      <testcase name="Test Cases/Report SSS" time="27.559" classname="Test Cases/Report SSS" status="PASSED">
         <system-out><![CDATA[2020-12-28 14:18:28 - [TEST_CASE][PASSED] - Test Cases/Report SSS: Test Cases/Report SSS

2020-12-28 14:18:28 - [TEST_STEP][PASSED] - com.application.Auth.loginIntoApplication(): com.application.Auth.loginIntoApplication is PASSED

2020-12-28 14:18:28 - [MESSAGE][INFO] - Starting 'Chrome' driver

2020-12-28 14:18:28 - [MESSAGE][INFO] - Action delay is set to 0 milliseconds

2020-12-28 14:18:32 - [MESSAGE][PASSED] - Browser is opened with url: ''

2020-12-28 14:18:34 - [MESSAGE][PASSED] - Current window maximized

2020-12-28 14:18:37 - [MESSAGE][PASSED] - Navigate to 'http://72.52.251.79/~prismwebs/prismv2/' successfully

2020-12-28 14:18:37 - [MESSAGE][PASSED] - Text 'de2000' is set on object 'Object Repository/Auth/textField - pm _uname'

2020-12-28 14:18:37 - [MESSAGE][PASSED] - Text 'Commonpwd' is set on object 'Object Repository/Auth/textField - pm _upass'

2020-12-28 14:18:37 - [MESSAGE][PASSED] - Object: 'Object Repository/Auth/button_Login' is clicked on

2020-12-28 14:18:37 - [MESSAGE][PASSED] - com.application.Auth.loginIntoApplication is PASSED

2020-12-28 14:18:37 - [TEST_STEP][PASSED] - driver = getWebDriver(): null

2020-12-28 14:18:37 - [TEST_STEP][PASSED] - com.application.appmanager.get_current_route_number(): com.application.appmanager.get_current_route_number is PASSED

2020-12-28 14:18:38 - [MESSAGE][PASSED] - com.application.appmanager.get_current_route_number is PASSED

2020-12-28 14:18:38 - [TEST_STEP][PASSED] - click(findTestObject("Object Repository/Report SSS/span_Reports")): Object: 'Object Repository/Report SSS/span_Reports' is clicked on

2020-12-28 14:18:40 - [MESSAGE][PASSED] - Object: 'Object Repository/Report SSS/span_Reports' is clicked on

2020-12-28 14:18:40 - [TEST_STEP][PASSED] - click(findTestObject("Object Repository/Report SSS/a_SSS")): Object: 'Object Repository/Report SSS/a_SSS' is clicked on

2020-12-28 14:18:42 - [MESSAGE][PASSED] - Object: 'Object Repository/Report SSS/a_SSS' is clicked on

2020-12-28 14:18:42 - [TEST_STEP][PASSED] - click(findTestObject("Object Repository/Report SSS/button_Get Report")): Object: 'Object Repository/Report SSS/button_Get Report' is clicked on

2020-12-28 14:18:44 - [MESSAGE][PASSED] - Object: 'Object Repository/Report SSS/button_Get Report' is clicked on

2020-12-28 14:18:44 - [TEST_STEP][PASSED] - delay(5): Delayed 5 second(s)

2020-12-28 14:18:49 - [MESSAGE][PASSED] - Delayed 5 second(s)

2020-12-28 14:18:49 - [TEST_STEP][PASSED] - Table = driver.findElement(By.xpath("//table[@class="DT table table-striped table-content table-condensed boo-table table-hover bg-blue-light dataTable DTFC_Cloned"]/tbody")): null

2020-12-28 14:18:49 - [TEST_STEP][PASSED] - rows_table = Table.findElements(By.tagName("tr")): null

2020-12-28 14:18:49 - [TEST_STEP][PASSED] - rows_count = rows_table.size(): null

2020-12-28 14:18:49 - [TEST_STEP][PASSED] - for ([row = 0, row < rows_count, (row++)]): null

2020-12-28 14:18:49 - [TEST_STEP][PASSED] - Columns_row = get(row).findElements(By.tagName("td")): null

2020-12-28 14:18:49 - [TEST_STEP][PASSED] - columns_count = Columns_row.size(): null

2020-12-28 14:18:49 - [TEST_STEP][PASSED] - for ([column = 0, column < columns_count, (column++)]): null

2020-12-28 14:18:49 - [TEST_STEP][PASSED] - celltext = get(column).getText(): null

2020-12-28 14:18:49 - [TEST_STEP][PASSED] - if (currentRouteCode == celltext): null

2020-12-28 14:18:49 - [TEST_STEP][PASSED] - Columns_row = get(row).findElements(By.tagName("td")): null

2020-12-28 14:18:49 - [TEST_STEP][PASSED] - columns_count = Columns_row.size(): null

2020-12-28 14:18:49 - [TEST_STEP][PASSED] - for ([column = 0, column < columns_count, (column++)]): null

2020-12-28 14:18:49 - [TEST_STEP][PASSED] - celltext = get(column).getText(): null

2020-12-28 14:18:49 - [TEST_STEP][PASSED] - if (currentRouteCode == celltext): null

2020-12-28 14:18:49 - [TEST_STEP][PASSED] - Columns_row = get(row).findElements(By.tagName("td")): null

2020-12-28 14:18:49 - [TEST_STEP][PASSED] - columns_count = Columns_row.size(): null

2020-12-28 14:18:49 - [TEST_STEP][PASSED] - for ([column = 0, column < columns_count, (column++)]): null

2020-12-28 14:18:49 - [TEST_STEP][PASSED] - celltext = get(column).getText(): null

2020-12-28 14:18:49 - [TEST_STEP][PASSED] - if (currentRouteCode == celltext): null

2020-12-28 14:18:49 - [TEST_STEP][PASSED] - tagName("a")).click(): null

2020-12-28 14:18:50 - [TEST_STEP][PASSED] - break: null]]></system-out>
         <system-err><![CDATA[]]></system-err>
      </testcase>
      <testcase name="Test Cases/Dashboard" time="18.658" classname="Test Cases/Dashboard" status="PASSED">
         <system-out><![CDATA[2020-12-28 14:18:55 - [TEST_CASE][PASSED] - Test Cases/Dashboard: Test Cases/Dashboard

2020-12-28 14:18:56 - [TEST_STEP][PASSED] - com.application.Auth.loginIntoApplication(): com.application.Auth.loginIntoApplication is PASSED

2020-12-28 14:18:56 - [MESSAGE][WARNING] - A browser is already opened. Closing browser and opening a new one

2020-12-28 14:18:57 - [MESSAGE][INFO] - Starting 'Chrome' driver

2020-12-28 14:18:57 - [MESSAGE][INFO] - Action delay is set to 0 milliseconds

2020-12-28 14:19:00 - [MESSAGE][PASSED] - Browser is opened with url: ''

2020-12-28 14:19:02 - [MESSAGE][PASSED] - Current window maximized

2020-12-28 14:19:05 - [MESSAGE][PASSED] - Navigate to 'http://72.52.251.79/~prismwebs/prismv2/' successfully

2020-12-28 14:19:05 - [MESSAGE][PASSED] - Text 'de2000' is set on object 'Object Repository/Auth/textField - pm _uname'

2020-12-28 14:19:05 - [MESSAGE][PASSED] - Text 'Commonpwd' is set on object 'Object Repository/Auth/textField - pm _upass'

2020-12-28 14:19:06 - [MESSAGE][PASSED] - Object: 'Object Repository/Auth/button_Login' is clicked on

2020-12-28 14:19:06 - [MESSAGE][PASSED] - com.application.Auth.loginIntoApplication is PASSED

2020-12-28 14:19:06 - [TEST_STEP][PASSED] - com.application.appmanager.go_to_dashboard(): com.application.appmanager.go_to_dashboard is PASSED

2020-12-28 14:19:09 - [MESSAGE][PASSED] - Object: 'Object Repository/Dashboard/a_Dashboard' is clicked on

2020-12-28 14:19:09 - [MESSAGE][PASSED] - com.application.appmanager.go_to_dashboard is PASSED]]></system-out>
         <system-err><![CDATA[]]></system-err>
      </testcase>
      <testcase name="Test Cases/Logout" time="2.362" classname="Test Cases/Logout" status="PASSED">
         <system-out><![CDATA[2020-12-28 14:19:14 - [TEST_CASE][PASSED] - Test Cases/Logout: Test Cases/Logout

2020-12-28 14:19:14 - [TEST_STEP][PASSED] - com.application.Auth.logOutFromApplication(): com.application.Auth.logOutFromApplication is PASSED

2020-12-28 14:19:15 - [MESSAGE][PASSED] - Object: 'Object Repository/Auth/btn_Logout' is clicked on

2020-12-28 14:19:16 - [MESSAGE][PASSED] - Browser is closed

2020-12-28 14:19:16 - [MESSAGE][PASSED] - com.application.Auth.logOutFromApplication is PASSED]]></system-out>
         <system-err><![CDATA[]]></system-err>
      </testcase>
      <system-out><![CDATA[2020-12-28 14:17:24 - [TEST_SUITE][INCOMPLETE] - AfterSell: null]]></system-out>
      <system-err><![CDATA[2020-12-28 14:17:24 - [TEST_SUITE][INCOMPLETE] - AfterSell: null]]></system-err>
   </testsuite>
</testsuites>
