<?xml version="1.0" encoding="UTF-8"?>
<testsuites name="Prism_Master Configuration" time="21.893" tests="1" failures="0" skips="0" errors="1">
   <testsuite name="Prism_Master Configuration" tests="1" failures="0" errors="1" time="21.893" skips="0" timestamp="2021-01-18 19:51:51" hostname="User - foysal-LPTP" id="Test Suites/Prism_Master Configuration">
      <properties>
         <property name="deviceName" value=""/>
         <property name="devicePlatform" value=""/>
         <property name="logFolder" value="D:\\Katalon Studio\\PrismWebStory\\Reports\\20210118_195143\\Prism_Master Configuration\\20210118_195143"/>
         <property name="logFiles" value="D:\\Katalon Studio\\PrismWebStory\\Reports\\20210118_195143\\Prism_Master Configuration\\20210118_195143\\execution0.log"/>
         <property name="attachments" value=""/>
         <property name="hostName" value="User - foysal-LPTP"/>
         <property name="os" value="Windows 10 64bit"/>
         <property name="katalonVersion" value="7.8.0.208"/>
         <property name="browser" value="Chrome 87.0.4280.141"/>
         <property name="hostAddress" value="192.168.1.167"/>
         <property name="sessionId" value="8ef3673e85deac1113d81a32d7072526"/>
         <property name="seleniumVersion" value="3.141.59"/>
         <property name="proxyInformation" value="ProxyInformation { proxyOption=NO_PROXY, proxyServerType=HTTP, username=, password=********, proxyServerAddress=, proxyServerPort=0, executionList=&quot;&quot;, isApplyToDesiredCapabilities=true }"/>
         <property name="platform" value="Windows 10"/>
      </properties>
      <testcase name="Test Cases/1_Prism Route, SR, Retailer Creation and Mapping" time="21.068" classname="Test Cases/1_Prism Route, SR, Retailer Creation and Mapping" status="ERROR">
         <error type="ERROR" message="Test Cases/1_Prism Route, SR, Retailer Creation and Mapping FAILED.
Reason:
groovy.lang.MissingPropertyException: No such property: CustomKeywords for class: com.application.components
	at com.application.components.createSR(components.groovy:97)
	at com.database.mysql.invokeMethod(mysql.groovy)
	at com.kms.katalon.core.main.CustomKeywordDelegatingMetaClass.invokeStaticMethod(CustomKeywordDelegatingMetaClass.java:50)
	at 1_Prism Route, SR, Retailer Creation and Mapping.run(1_Prism Route, SR, Retailer Creation and Mapping:26)
	at com.kms.katalon.core.main.ScriptEngine.run(ScriptEngine.java:194)
	at com.kms.katalon.core.main.ScriptEngine.runScriptAsRawText(ScriptEngine.java:119)
	at com.kms.katalon.core.main.TestCaseExecutor.runScript(TestCaseExecutor.java:393)
	at com.kms.katalon.core.main.TestCaseExecutor.doExecute(TestCaseExecutor.java:384)
	at com.kms.katalon.core.main.TestCaseExecutor.processExecutionPhase(TestCaseExecutor.java:363)
	at com.kms.katalon.core.main.TestCaseExecutor.accessMainPhase(TestCaseExecutor.java:355)
	at com.kms.katalon.core.main.TestCaseExecutor.execute(TestCaseExecutor.java:251)
	at com.kms.katalon.core.main.TestSuiteExecutor.accessTestCaseMainPhase(TestSuiteExecutor.java:203)
	at com.kms.katalon.core.main.TestSuiteExecutor.accessTestSuiteMainPhase(TestSuiteExecutor.java:152)
	at com.kms.katalon.core.main.TestSuiteExecutor.execute(TestSuiteExecutor.java:95)
	at com.kms.katalon.core.main.TestCaseMain.startTestSuite(TestCaseMain.java:157)
	at com.kms.katalon.core.main.TestCaseMain$startTestSuite$0.call(Unknown Source)
	at TempTestSuite1610977903124.run(TempTestSuite1610977903124.groovy:39)
"/>
         <system-out><![CDATA[2021-01-18 19:51:52 - [TEST_CASE][ERROR] - Test Cases/1_Prism Route, SR, Retailer Creation and Mapping: Test Cases/1_Prism Route, SR, Retailer Creation and Mapping FAILED.
Reason:
groovy.lang.MissingPropertyException: No such property: CustomKeywords for class: com.application.components
	at com.application.components.createSR(components.groovy:97)
	at com.database.mysql.invokeMethod(mysql.groovy)
	at com.kms.katalon.core.main.CustomKeywordDelegatingMetaClass.invokeStaticMethod(CustomKeywordDelegatingMetaClass.java:50)
	at 1_Prism Route, SR, Retailer Creation and Mapping.run(1_Prism Route, SR, Retailer Creation and Mapping:26)
	at com.kms.katalon.core.main.ScriptEngine.run(ScriptEngine.java:194)
	at com.kms.katalon.core.main.ScriptEngine.runScriptAsRawText(ScriptEngine.java:119)
	at com.kms.katalon.core.main.TestCaseExecutor.runScript(TestCaseExecutor.java:393)
	at com.kms.katalon.core.main.TestCaseExecutor.doExecute(TestCaseExecutor.java:384)
	at com.kms.katalon.core.main.TestCaseExecutor.processExecutionPhase(TestCaseExecutor.java:363)
	at com.kms.katalon.core.main.TestCaseExecutor.accessMainPhase(TestCaseExecutor.java:355)
	at com.kms.katalon.core.main.TestCaseExecutor.execute(TestCaseExecutor.java:251)
	at com.kms.katalon.core.main.TestSuiteExecutor.accessTestCaseMainPhase(TestSuiteExecutor.java:203)
	at com.kms.katalon.core.main.TestSuiteExecutor.accessTestSuiteMainPhase(TestSuiteExecutor.java:152)
	at com.kms.katalon.core.main.TestSuiteExecutor.execute(TestSuiteExecutor.java:95)
	at com.kms.katalon.core.main.TestCaseMain.startTestSuite(TestCaseMain.java:157)
	at com.kms.katalon.core.main.TestCaseMain$startTestSuite$0.call(Unknown Source)
	at TempTestSuite1610977903124.run(TempTestSuite1610977903124.groovy:39)


2021-01-18 19:51:52 - [TEST_STEP][PASSED] - com.database.sqlserver.connectDB(): com.database.sqlserver.connectDB is PASSED

2021-01-18 19:51:53 - [MESSAGE][PASSED] - com.database.sqlserver.connectDB is PASSED

2021-01-18 19:51:53 - [TEST_STEP][PASSED] - sql = select master_components.comp_name from master_components LEFT JOIN testcase_component_mappings ON master_components.comp_id = testcase_component_mappings.comp_id WHERE master_components.status='Active' AND testcase_component_mappings.status='Active' AND testcase_component_mappings.tc_id = $tc_id: null

2021-01-18 19:51:53 - [TEST_STEP][PASSED] - recordset = com.database.sqlserver.executeQuery(sql): com.database.sqlserver.executeQuery is PASSED

2021-01-18 19:51:53 - [MESSAGE][PASSED] - com.database.sqlserver.executeQuery is PASSED

2021-01-18 19:51:53 - [TEST_STEP][ERROR] - while (recordset.next()): No such property: CustomKeywords for class: com.application.components

2021-01-18 19:51:53 - [TEST_STEP][PASSED] - comp_name = "com.application.components." + recordset.getObject("comp_name"): null

2021-01-18 19:51:53 - [TEST_STEP][PASSED] - $comp_name(): com.application.components.loginIntoApplication is PASSED

2021-01-18 19:51:53 - [MESSAGE][INFO] - Starting 'Chrome' driver

2021-01-18 19:51:53 - [MESSAGE][INFO] - Action delay is set to 0 milliseconds

2021-01-18 19:51:57 - [MESSAGE][PASSED] - Browser is opened with url: ''

2021-01-18 19:51:59 - [MESSAGE][PASSED] - Current window maximized

2021-01-18 19:52:01 - [MESSAGE][PASSED] - Navigate to 'http://192.168.0.11/prismv2/' successfully

2021-01-18 19:52:01 - [MESSAGE][PASSED] - Text 'de2000' is set on object 'Object Repository/Auth/textField - pm _uname'

2021-01-18 19:52:01 - [MESSAGE][PASSED] - Text 'Commonpwd' is set on object 'Object Repository/Auth/textField - pm _upass'

2021-01-18 19:52:01 - [MESSAGE][PASSED] - Object: 'Object Repository/Auth/button_Login' is clicked on

2021-01-18 19:52:01 - [MESSAGE][PASSED] - com.application.components.loginIntoApplication is PASSED

2021-01-18 19:52:01 - [TEST_STEP][PASSED] - comp_name = "com.application.components." + recordset.getObject("comp_name"): null

2021-01-18 19:52:01 - [TEST_STEP][PASSED] - $comp_name(): com.application.components.createAndBrowseRoute is PASSED

2021-01-18 19:52:02 - [MESSAGE][PASSED] - Object: 'Object Repository/Route/Dashboard/span_Route Planning' is clicked on

2021-01-18 19:52:03 - [MESSAGE][PASSED] - Object: 'Object Repository/Route/Dashboard/a_Add Route' is clicked on

2021-01-18 19:52:03 - [MESSAGE][PASSED] - Text '94' is set on object 'Object Repository/Route/Add Route/Route Number_field'

2021-01-18 19:52:03 - [MESSAGE][PASSED] - Object: 'Object Repository/Route/Add Route/clickoutside' is clicked on

2021-01-18 19:52:04 - [MESSAGE][PASSED] - Delayed 1 second(s)

2021-01-18 19:52:04 - [MESSAGE][PASSED] - Object: 'Object Repository/Route/Add Route/sectionDropdown' is clicked on

2021-01-18 19:52:06 - [MESSAGE][PASSED] - Delayed 2 second(s)

2021-01-18 19:52:10 - [MESSAGE][PASSED] - Text 'D' is set on object 'Object Repository/Route/Add Route/input_select2'

2021-01-18 19:52:10 - [MESSAGE][PASSED] - Keys 'DOWN + ' sent to object: 'Object Repository/Route/Add Route/input_select2'

2021-01-18 19:52:10 - [MESSAGE][PASSED] - Keys 'ENTER + ' sent to object: 'Object Repository/Route/Add Route/input_select2'

2021-01-18 19:52:10 - [MESSAGE][PASSED] - Object: 'Object Repository/Route/Add Route/button_Create Route' is clicked on

2021-01-18 19:52:10 - [MESSAGE][PASSED] - Object 'Object Repository/Route/Add Route/routeConfirmation' is present

2021-01-18 19:52:10 - [MESSAGE][PASSED] - Object: 'Object Repository/Route/Add Route/a_Route Planning' is clicked on

2021-01-18 19:52:11 - [MESSAGE][PASSED] - Object: 'Object Repository/Route/Add Route/a_Browse Route' is clicked on

2021-01-18 19:52:11 - [MESSAGE][PASSED] - com.application.components.createAndBrowseRoute is PASSED

2021-01-18 19:52:11 - [TEST_STEP][PASSED] - comp_name = "com.application.components." + recordset.getObject("comp_name"): null

2021-01-18 19:52:11 - [TEST_STEP][ERROR] - $comp_name(): No such property: CustomKeywords for class: com.application.components

2021-01-18 19:52:11 - [MESSAGE][PASSED] - Object: 'Object Repository/Create SR/a_HR' is clicked on

2021-01-18 19:52:11 - [MESSAGE][PASSED] - Object: 'Object Repository/Create SR/a_Add Employee' is clicked on

2021-01-18 19:52:12 - [MESSAGE][PASSED] - Text 'TestAutomationSR_2' is set on object 'Object Repository/Create SR/input_Full Name_field'

2021-01-18 19:52:12 - [MESSAGE][PASSED] - Object: 'Object Repository/Create SR/label_Salary' is clicked on

2021-01-18 19:52:12 - [MESSAGE][PASSED] - Object: 'Object Repository/Create SR/li_Contact No.(880)' is clicked on

2021-01-18 19:52:12 - [MESSAGE][PASSED] - Text '01825252525' is set on object 'Object Repository/Create SR/input_Contact No'

2021-01-18 19:52:12 - [MESSAGE][PASSED] - Object: 'Object Repository/Create SR/label_Salary' is clicked on

2021-01-18 19:52:12 - [MESSAGE][PASSED] - Object: 'Object Repository/Create SR/li_Email' is clicked on

2021-01-18 19:52:12 - [MESSAGE][PASSED] - Text 'katalon@katalon.com' is set on object 'Object Repository/Create SR/text - Email_field'

2021-01-18 19:52:12 - [MESSAGE][PASSED] - Object: 'Object Repository/Create SR/label_Salary' is clicked on

2021-01-18 19:52:12 - [MESSAGE][PASSED] - Object: 'Object Repository/Create SR/salary_input' is clicked on

2021-01-18 19:52:12 - [MESSAGE][PASSED] - Text '10000' is set on object 'Object Repository/Create SR/text - Salary_field'

2021-01-18 19:52:13 - [MESSAGE][PASSED] - Object: 'Object Repository/Create SR/label_Salary' is clicked on

2021-01-18 19:52:13 - [MESSAGE][PASSED] - Browser is scrolled to position x = 9999999, y = 9999999

2021-01-18 19:52:13 - [MESSAGE][PASSED] - Object: 'Object Repository/Create SR/button_Create Employee' is clicked on

2021-01-18 19:52:13 - [MESSAGE][ERROR] - No such property: CustomKeywords for class: com.application.components]]></system-out>
         <system-err><![CDATA[2021-01-18 19:51:52 - [TEST_CASE][ERROR] - Test Cases/1_Prism Route, SR, Retailer Creation and Mapping: Test Cases/1_Prism Route, SR, Retailer Creation and Mapping FAILED.
Reason:
groovy.lang.MissingPropertyException: No such property: CustomKeywords for class: com.application.components
	at com.application.components.createSR(components.groovy:97)
	at com.database.mysql.invokeMethod(mysql.groovy)
	at com.kms.katalon.core.main.CustomKeywordDelegatingMetaClass.invokeStaticMethod(CustomKeywordDelegatingMetaClass.java:50)
	at 1_Prism Route, SR, Retailer Creation and Mapping.run(1_Prism Route, SR, Retailer Creation and Mapping:26)
	at com.kms.katalon.core.main.ScriptEngine.run(ScriptEngine.java:194)
	at com.kms.katalon.core.main.ScriptEngine.runScriptAsRawText(ScriptEngine.java:119)
	at com.kms.katalon.core.main.TestCaseExecutor.runScript(TestCaseExecutor.java:393)
	at com.kms.katalon.core.main.TestCaseExecutor.doExecute(TestCaseExecutor.java:384)
	at com.kms.katalon.core.main.TestCaseExecutor.processExecutionPhase(TestCaseExecutor.java:363)
	at com.kms.katalon.core.main.TestCaseExecutor.accessMainPhase(TestCaseExecutor.java:355)
	at com.kms.katalon.core.main.TestCaseExecutor.execute(TestCaseExecutor.java:251)
	at com.kms.katalon.core.main.TestSuiteExecutor.accessTestCaseMainPhase(TestSuiteExecutor.java:203)
	at com.kms.katalon.core.main.TestSuiteExecutor.accessTestSuiteMainPhase(TestSuiteExecutor.java:152)
	at com.kms.katalon.core.main.TestSuiteExecutor.execute(TestSuiteExecutor.java:95)
	at com.kms.katalon.core.main.TestCaseMain.startTestSuite(TestCaseMain.java:157)
	at com.kms.katalon.core.main.TestCaseMain$startTestSuite$0.call(Unknown Source)
	at TempTestSuite1610977903124.run(TempTestSuite1610977903124.groovy:39)]]></system-err>
      </testcase>
      <system-out><![CDATA[2021-01-18 19:51:51 - [TEST_SUITE][INCOMPLETE] - Prism_Master Configuration: null]]></system-out>
      <system-err><![CDATA[2021-01-18 19:51:51 - [TEST_SUITE][INCOMPLETE] - Prism_Master Configuration: null]]></system-err>
   </testsuite>
</testsuites>
